CCTV1,http://[2409:8087:74f0:22::4]:6610/270000001128/9900000501/index.m3u8
CCTV2,http://[2409:8087:74f0:22::4]:6410/270000001128/9900000502/index.m3u8
CCTV3,http://[2409:8087:74f0:22::4]:6410/270000001111/1110000303/index.m3u8
CCTV4,http://[2409:8087:74f0:22::4]:6410/270000001128/9900000503/index.m3u8
CCTV5,http://[2409:8087:74f0:22::4]:6410/270000001111/1110000305/index.m3u8
CCTV5+,http://[2409:8087:74f0:22::4]:6410/270000001111/1110000306/index.m3u8
CCTV5+,http://[2409:8087:74f0:22::4]:6410/270000001128/9900000506/index.m3u8
CCTV5+,http://[2409:8087:74f0:22::4]:6410/270000001128/9900000507/index.m3u8
CCTV6,http://[2409:8087:74f0:22::4]:6410/270000001111/1110000307/index.m3u8
CCTV7,http://[2409:8087:74f0:22::4]:6410/270000001128/9900000504/index.m3u8
CCTV8,http://[2409:8087:74f0:22::9]:6410/270000001111/1110000309/index.m3u8
CCTV9,http://[2409:8087:74f0:22::4]:6410/270000001128/9900000505/index.m3u8
CCTV10,http://[2409:8087:74f0:22::4]:6410/270000001128/9900000506/index.m3u8
CCTV11,http://[2409:8087:74f0:22::4]:6410/270000001128/9900000508/index.m3u8
CCTV12,http://[2409:8087:74f0:22::4]:6410/270000001128/9900000509/index.m3u8
CCTV13,http://[2409:8087:74f0:22::4]:6410/270000001128/9900000510/index.m3u8
CCTV14,http://[2409:8087:74f0:22::4]:6410/270000001128/9900000511/index.m3u8
CCTV15,http://[2409:8087:74f0:22::4]:6410/270000001128/9900000512/index.m3u8
CCTV16,http://[2409:8087:74f0:22::4]:6410/270000001128/9900000016/index.m3u8
CCTV17,http://[2409:8087:74f0:22::4]:6410/270000001128/9900000513/index.m3u8
CCTV1,http://[2409:8087:1a01:df::4077]/ottrrs.hl.chinamobile.com/PLTV/88888888/8/3221226016/index.m3u8
CCTV2,http://[2409:8087:1a01:df::4077]/ottrrs.hl.chinamobile.com/PLTV/88888888/8/3221225588/index.m3u8
CCTV3,http://[2409:8087:1a01:df::4077]/ottrrs.hl.chinamobile.com/PLTV/88888888/8/3221226021/index.m3u8
CCTV4,http://[2409:8087:1a01:df::4077]/ottrrs.hl.chinamobile.com/PLTV/88888888/8/3221226007/index.m3u8
CCTV5,http://[2409:8087:1a01:df::4077]/ottrrs.hl.chinamobile.com/PLTV/88888888/8/3221226019/index.m3u8
CCTV6,http://[2409:8087:1a01:df::4077]/ottrrs.hl.chinamobile.com/PLTV/88888888/8/3221226010/index.m3u8
CCTV7,http://[2409:8087:1a01:df::4077]/ottrrs.hl.chinamobile.com/PLTV/88888888/8/3221225733/index.m3u8
CCTV8,http://[2409:8087:1a01:df::4077]/ottrrs.hl.chinamobile.com/PLTV/88888888/8/3221226008/index.m3u8
CCTV9,http://[2409:8087:1a01:df::4077]/ottrrs.hl.chinamobile.com/PLTV/88888888/8/3221225734/index.m3u8
CCTV10,http://[2409:8087:1a01:df::4077]/ottrrs.hl.chinamobile.com/PLTV/88888888/8/3221225730/index.m3u8
CCTV11,http://[2409:8087:1a01:df::4077]/ottrrs.hl.chinamobile.com/PLTV/88888888/8/3221225597/index.m3u8
CCTV12,http://[2409:8087:1a01:df::4077]/ottrrs.hl.chinamobile.com/PLTV/88888888/8/3221225731/index.m3u8
CCTV13,http://[2409:8087:1a01:df::4077]/ottrrs.hl.chinamobile.com/PLTV/88888888/8/3221226011/index.m3u8
CCTV14,http://[2409:8087:1a01:df::4077]/ottrrs.hl.chinamobile.com/PLTV/88888888/8/3221225732/index.m3u8
CCTV15,http://[2409:8087:1a01:df::4077]/ottrrs.hl.chinamobile.com/PLTV/88888888/8/3221225601/index.m3u8
CCTV16,http://[2409:8087:1a01:df::4077]/ottrrs.hl.chinamobile.com/PLTV/88888888/8/3221226100/index.m3u8
CCTV17,http://[2409:8087:1a01:df::4077]/ottrrs.hl.chinamobile.com/PLTV/88888888/8/3221225765/index.m3u8
CCTV5+,http://[2409:8087:1a01:df::4077]/ottrrs.hl.chinamobile.com/PLTV/88888888/8/3221225603/index.m3u8
CCTV1,http://[2409:8087:1a01:df::7005]/ottrrs.hl.chinamobile.com/PLTV/88888888/224/3221226559/index.m3u8
CCTV2,http://[2409:8087:1a01:df::7005]/ottrrs.hl.chinamobile.com/PLTV/88888888/224/3221226540/index.m3u8
CCTV3,http://[2409:8087:1a01:df::7005]/ottrrs.hl.chinamobile.com/PLTV/88888888/224/3221226021/index.m3u8
CCTV4,http://[2409:8087:1a01:df::7005]/ottrrs.hl.chinamobile.com/PLTV/88888888/224/3221226428/index.m3u8
CCTV5,http://[2409:8087:1a01:df::7005]/ottrrs.hl.chinamobile.com/PLTV/88888888/224/3221226019/index.m3u8
CCTV5+,http://[2409:8087:1a01:df::7005]/ottrrs.hl.chinamobile.com/PLTV/88888888/224/3221225603/index.m3u8
CCTV6,http://[2409:8087:1a01:df::7005]/ottrrs.hl.chinamobile.com/PLTV/88888888/224/3221226010/index.m3u8
2025-11-15 12:27:35,https://vd3.bdstatic.com/mda-rkaittm5s06vzzyq/sc/cae_h264/1762869883709304452/mda-rkaittm5s06vzzyq.mp4
CCTV7,http://[2409:8087:1a01:df::7005]/ottrrs.hl.chinamobile.com/PLTV/88888888/224/3221225733/index.m3u8
www.izbds.com,https://vd3.bdstatic.com/mda-rkaittm5s06vzzyq/sc/cae_h264/1762869883709304452/mda-rkaittm5s06vzzyq.mp4
CCTV8,http://[2409:8087:1a01:df::7005]/ottrrs.hl.chinamobile.com/PLTV/88888888/224/3221226008/index.m3u8
