Category: 📺央视数字频道, Name: 兵器科技, Total: 7, Valid: 4, Valid Percent: 57.14%, Whitelist: 0, IPv4: 4, IPv6: 3, Min Delay: 452 ms, Max Speed: 0.89 M/s, Avg Speed: 0.81 M/s, Max Resolution: 1920x1080
Category: 📺央视数字频道, Name: 第一剧场, Total: 11, Valid: 4, Valid Percent: 36.36%, Whitelist: 0, IPv4: 4, IPv6: 7, Min Delay: 455 ms, Max Speed: 0.89 M/s, Avg Speed: 0.79 M/s, Max Resolution: 1920x1080
Category: 📺央视数字频道, Name: 发现之旅, Total: 1, Valid: 0, Valid Percent: 0.00%, Whitelist: 0, IPv4: 0, IPv6: 1, Min Delay: -1 ms, Max Speed: 0.00 M/s, Avg Speed: 0.00 M/s, Max Resolution: None
Category: 📺央视数字频道, Name: 风云剧场, Total: 8, Valid: 4, Valid Percent: 50.00%, Whitelist: 0, IPv4: 4, IPv6: 4, Min Delay: 456 ms, Max Speed: 0.84 M/s, Avg Speed: 0.73 M/s, Max Resolution: 1920x1080
Category: 📺央视数字频道, Name: 风云音乐, Total: 7, Valid: 3, Valid Percent: 42.86%, Whitelist: 0, IPv4: 3, IPv6: 4, Min Delay: 480 ms, Max Speed: 0.86 M/s, Avg Speed: 0.77 M/s, Max Resolution: 1920x1080
Category: 📺央视数字频道, Name: 风云足球, Total: 11, Valid: 4, Valid Percent: 36.36%, Whitelist: 0, IPv4: 4, IPv6: 7, Min Delay: 456 ms, Max Speed: 0.88 M/s, Avg Speed: 0.80 M/s, Max Resolution: 1920x1080
Category: 📺央视数字频道, Name: 央视台球, Total: 11, Valid: 5, Valid Percent: 45.45%, Whitelist: 0, IPv4: 5, IPv6: 6, Min Delay: 10 ms, Max Speed: 10.43 M/s, Avg Speed: 2.65 M/s, Max Resolution: 1920x1080
Category: 📺央视数字频道, Name: 高尔夫网球, Total: 9, Valid: 4, Valid Percent: 44.44%, Whitelist: 0, IPv4: 4, IPv6: 5, Min Delay: 456 ms, Max Speed: 0.88 M/s, Avg Speed: 0.78 M/s, Max Resolution: 1920x1080
Category: 📺央视数字频道, Name: 怀旧剧场, Total: 8, Valid: 4, Valid Percent: 50.00%, Whitelist: 0, IPv4: 4, IPv6: 4, Min Delay: 463 ms, Max Speed: 0.89 M/s, Avg Speed: 0.82 M/s, Max Resolution: 1920x1080
Category: 📺央视数字频道, Name: 老故事, Total: 5, Valid: 1, Valid Percent: 20.00%, Whitelist: 0, IPv4: 1, IPv6: 4, Min Delay: 116 ms, Max Speed: 10.04 M/s, Avg Speed: 10.04 M/s, Max Resolution: 1920x1080
Category: 📺央视数字频道, Name: 女性时尚, Total: 6, Valid: 4, Valid Percent: 66.67%, Whitelist: 0, IPv4: 4, IPv6: 2, Min Delay: 458 ms, Max Speed: 0.90 M/s, Avg Speed: 0.80 M/s, Max Resolution: 1920x1080
Category: 📺央视数字频道, Name: 世界地理, Total: 8, Valid: 4, Valid Percent: 50.00%, Whitelist: 0, IPv4: 4, IPv6: 4, Min Delay: 449 ms, Max Speed: 0.86 M/s, Avg Speed: 0.76 M/s, Max Resolution: 1920x1080
Category: 📺央视数字频道, Name: 文化精品, Total: 8, Valid: 4, Valid Percent: 50.00%, Whitelist: 0, IPv4: 4, IPv6: 4, Min Delay: 459 ms, Max Speed: 0.82 M/s, Avg Speed: 0.76 M/s, Max Resolution: 1920x1080
Category: 📺央视数字频道, Name: 中学生, Total: 1, Valid: 0, Valid Percent: 0.00%, Whitelist: 0, IPv4: 0, IPv6: 1, Min Delay: -1 ms, Max Speed: 0.00 M/s, Avg Speed: 0.00 M/s, Max Resolution: None
Category: 📺央视数字频道, Name: 重温经典, Total: 4, Valid: 0, Valid Percent: 0.00%, Whitelist: 0, IPv4: 0, IPv6: 4, Min Delay: -1 ms, Max Speed: 0.00 M/s, Avg Speed: 0.00 M/s, Max Resolution: None
Category: 📺央视数字频道, Name: 中国交通, Total: 1, Valid: 1, Valid Percent: 100.00%, Whitelist: 0, IPv4: 1, IPv6: 0, Min Delay: 518 ms, Max Speed: 0.68 M/s, Avg Speed: 0.68 M/s, Max Resolution: 1920x1080
Category: 📺央视数字频道, Name: 中国天气, Total: 3, Valid: 2, Valid Percent: 66.67%, Whitelist: 0, IPv4: 2, IPv6: 1, Min Delay: 496 ms, Max Speed: 0.85 M/s, Avg Speed: 0.71 M/s, Max Resolution: 1920x1080
Category: 📺央视数字频道, Name: CGTN, Total: 8, Valid: 0, Valid Percent: 0.00%, Whitelist: 0, IPv4: 0, IPv6: 8, Min Delay: -1 ms, Max Speed: 0.00 M/s, Avg Speed: 0.00 M/s, Max Resolution: None
Category: 📺央视数字频道, Name: CGTN英语, Total: 2, Valid: 0, Valid Percent: 0.00%, Whitelist: 0, IPv4: 0, IPv6: 2, Min Delay: -1 ms, Max Speed: 0.00 M/s, Avg Speed: 0.00 M/s, Max Resolution: None
Category: 📺央视数字频道, Name: CGTN记录, Total: 1, Valid: 0, Valid Percent: 0.00%, Whitelist: 0, IPv4: 0, IPv6: 1, Min Delay: -1 ms, Max Speed: 0.00 M/s, Avg Speed: 0.00 M/s, Max Resolution: None
Category: 📡卫视频道, Name: 山东卫视, Total: 59, Valid: 41, Valid Percent: 69.49%, Whitelist: 0, IPv4: 8, IPv6: 51, Min Delay: 0.1 ms, Max Speed: 0.88 M/s, Avg Speed: 0.12 M/s, Max Resolution: 1920x1080
Category: 📡卫视频道, Name: 北京卫视, Total: 62, Valid: 40, Valid Percent: 64.52%, Whitelist: 0, IPv4: 9, IPv6: 53, Min Delay: 0.1 ms, Max Speed: 10.47 M/s, Avg Speed: 0.40 M/s, Max Resolution: 3840x2160
Category: 📡卫视频道, Name: 香港卫视, Total: 5, Valid: 1, Valid Percent: 20.00%, Whitelist: 0, IPv4: 0, IPv6: 5, Min Delay: 0.1 ms, Max Speed: 0.00 M/s, Avg Speed: 0.00 M/s, Max Resolution: 1920x1080
Category: 📡卫视频道, Name: 浙江卫视, Total: 66, Valid: 48, Valid Percent: 72.73%, Whitelist: 0, IPv4: 7, IPv6: 59, Min Delay: 0.1 ms, Max Speed: 0.86 M/s, Avg Speed: 0.11 M/s, Max Resolution: 1920x1080
Category: 📡卫视频道, Name: 湖南卫视, Total: 54, Valid: 36, Valid Percent: 66.67%, Whitelist: 0, IPv4: 7, IPv6: 47, Min Delay: 0.1 ms, Max Speed: 0.90 M/s, Avg Speed: 0.15 M/s, Max Resolution: 1920x1080
Category: 📡卫视频道, Name: 江苏卫视, Total: 62, Valid: 41, Valid Percent: 66.13%, Whitelist: 0, IPv4: 8, IPv6: 54, Min Delay: 0.1 ms, Max Speed: 0.89 M/s, Avg Speed: 0.11 M/s, Max Resolution: 1920x1080
Category: 📡卫视频道, Name: 东方卫视, Total: 60, Valid: 39, Valid Percent: 65.00%, Whitelist: 0, IPv4: 6, IPv6: 54, Min Delay: 0.1 ms, Max Speed: 0.87 M/s, Avg Speed: 0.11 M/s, Max Resolution: 1920x1080
Category: 📡卫视频道, Name: 深圳卫视, Total: 53, Valid: 33, Valid Percent: 62.26%, Whitelist: 0, IPv4: 9, IPv6: 44, Min Delay: 0.1 ms, Max Speed: 0.92 M/s, Avg Speed: 0.18 M/s, Max Resolution: 1920x1080
Category: 📡卫视频道, Name: 湖北卫视, Total: 62, Valid: 43, Valid Percent: 69.35%, Whitelist: 0, IPv4: 8, IPv6: 54, Min Delay: 0.1 ms, Max Speed: 0.91 M/s, Avg Speed: 0.13 M/s, Max Resolution: 1920x1080
Category: 📡卫视频道, Name: 天津卫视, Total: 55, Valid: 37, Valid Percent: 67.27%, Whitelist: 0, IPv4: 6, IPv6: 49, Min Delay: 0.1 ms, Max Speed: 1.00 M/s, Avg Speed: 0.12 M/s, Max Resolution: 1920x1080
Category: 📡卫视频道, Name: 广东卫视, Total: 60, Valid: 41, Valid Percent: 68.33%, Whitelist: 0, IPv4: 9, IPv6: 51, Min Delay: 0.1 ms, Max Speed: 0.97 M/s, Avg Speed: 0.15 M/s, Max Resolution: 1920x1080
Category: 📡卫视频道, Name: 广西卫视, Total: 44, Valid: 27, Valid Percent: 61.36%, Whitelist: 0, IPv4: 3, IPv6: 41, Min Delay: 0.1 ms, Max Speed: 0.71 M/s, Avg Speed: 0.04 M/s, Max Resolution: 1920x1080
Category: 📡卫视频道, Name: 河南卫视, Total: 53, Valid: 33, Valid Percent: 62.26%, Whitelist: 0, IPv4: 9, IPv6: 44, Min Delay: 0.1 ms, Max Speed: 30.82 M/s, Avg Speed: 1.09 M/s, Max Resolution: 1920x1080
Category: 📡卫视频道, Name: 河北卫视, Total: 56, Valid: 37, Valid Percent: 66.07%, Whitelist: 0, IPv4: 6, IPv6: 50, Min Delay: 0.1 ms, Max Speed: 0.84 M/s, Avg Speed: 0.11 M/s, Max Resolution: 1920x1080
Category: 📡卫视频道, Name: 贵州卫视, Total: 52, Valid: 32, Valid Percent: 61.54%, Whitelist: 0, IPv4: 7, IPv6: 45, Min Delay: 0.1 ms, Max Speed: 0.86 M/s, Avg Speed: 0.13 M/s, Max Resolution: 1920x1080
Category: 📡卫视频道, Name: 四川卫视, Total: 45, Valid: 27, Valid Percent: 60.00%, Whitelist: 0, IPv4: 7, IPv6: 38, Min Delay: 0.1 ms, Max Speed: 0.88 M/s, Avg Speed: 0.16 M/s, Max Resolution: 1920x1080
Category: 📡卫视频道, Name: 云南卫视, Total: 40, Valid: 24, Valid Percent: 60.00%, Whitelist: 0, IPv4: 5, IPv6: 35, Min Delay: 0.1 ms, Max Speed: 0.86 M/s, Avg Speed: 0.15 M/s, Max Resolution: 1920x1080
Category: 📡卫视频道, Name: 重庆卫视, Total: 55, Valid: 35, Valid Percent: 63.64%, Whitelist: 0, IPv4: 7, IPv6: 48, Min Delay: 0.1 ms, Max Speed: 0.88 M/s, Avg Speed: 0.12 M/s, Max Resolution: 1920x1080
Category: 📡卫视频道, Name: 安徽卫视, Total: 54, Valid: 35, Valid Percent: 64.81%, Whitelist: 0, IPv4: 7, IPv6: 47, Min Delay: 0.1 ms, Max Speed: 0.89 M/s, Avg Speed: 0.14 M/s, Max Resolution: 1920x1080
Category: 📡卫视频道, Name: 山西卫视, Total: 23, Valid: 8, Valid Percent: 34.78%, Whitelist: 0, IPv4: 0, IPv6: 23, Min Delay: 0.1 ms, Max Speed: 0.00 M/s, Avg Speed: 0.00 M/s, Max Resolution: 1920x1080
Category: 📡卫视频道, Name: 江西卫视, Total: 55, Valid: 35, Valid Percent: 63.64%, Whitelist: 0, IPv4: 7, IPv6: 48, Min Delay: 0.1 ms, Max Speed: 0.91 M/s, Avg Speed: 0.15 M/s, Max Resolution: 1920x1080
Category: 📡卫视频道, Name: 陕西卫视, Total: 25, Valid: 9, Valid Percent: 36.00%, Whitelist: 0, IPv4: 0, IPv6: 25, Min Delay: 0.1 ms, Max Speed: 0.00 M/s, Avg Speed: 0.00 M/s, Max Resolution: 1920x1080
Category: 📡卫视频道, Name: 东南卫视, Total: 58, Valid: 37, Valid Percent: 63.79%, Whitelist: 0, IPv4: 8, IPv6: 50, Min Delay: 0.1 ms, Max Speed: 0.89 M/s, Avg Speed: 0.14 M/s, Max Resolution: 1920x1080
Category: 📡卫视频道, Name: 吉林卫视, Total: 54, Valid: 33, Valid Percent: 61.11%, Whitelist: 0, IPv4: 7, IPv6: 47, Min Delay: 0.1 ms, Max Speed: 0.90 M/s, Avg Speed: 0.15 M/s, Max Resolution: 1920x1080
Category: 📡卫视频道, Name: 辽宁卫视, Total: 55, Valid: 36, Valid Percent: 65.45%, Whitelist: 0, IPv4: 6, IPv6: 49, Min Delay: 0.1 ms, Max Speed: 0.87 M/s, Avg Speed: 0.10 M/s, Max Resolution: 1920x1080
Category: 📡卫视频道, Name: 黑龙江卫视, Total: 63, Valid: 45, Valid Percent: 71.43%, Whitelist: 0, IPv4: 10, IPv6: 53, Min Delay: 0.1 ms, Max Speed: 0.89 M/s, Avg Speed: 0.14 M/s, Max Resolution: 1920x1080
Category: 📡卫视频道, Name: 宁夏卫视, Total: 29, Valid: 16, Valid Percent: 55.17%, Whitelist: 0, IPv4: 1, IPv6: 28, Min Delay: 0.1 ms, Max Speed: 0.74 M/s, Avg Speed: 0.05 M/s, Max Resolution: 1920x1080
Category: 📡卫视频道, Name: 甘肃卫视, Total: 40, Valid: 20, Valid Percent: 50.00%, Whitelist: 0, IPv4: 4, IPv6: 36, Min Delay: 0.1 ms, Max Speed: 0.87 M/s, Avg Speed: 0.12 M/s, Max Resolution: 1920x1080
Category: 📡卫视频道, Name: 青海卫视, Total: 38, Valid: 19, Valid Percent: 50.00%, Whitelist: 0, IPv4: 2, IPv6: 36, Min Delay: 0.1 ms, Max Speed: 0.83 M/s, Avg Speed: 0.08 M/s, Max Resolution: 1920x1080
Category: 📡卫视频道, Name: 内蒙古卫视, Total: 29, Valid: 15, Valid Percent: 51.72%, Whitelist: 0, IPv4: 0, IPv6: 29, Min Delay: 0.1 ms, Max Speed: 0.00 M/s, Avg Speed: 0.00 M/s, Max Resolution: 1920x1080
Category: 📡卫视频道, Name: 新疆卫视, Total: 34, Valid: 18, Valid Percent: 52.94%, Whitelist: 0, IPv4: 1, IPv6: 33, Min Delay: 0.1 ms, Max Speed: 0.74 M/s, Avg Speed: 0.04 M/s, Max Resolution: 1920x1080
Category: 📡卫视频道, Name: 海南卫视, Total: 54, Valid: 32, Valid Percent: 59.26%, Whitelist: 0, IPv4: 4, IPv6: 50, Min Delay: 0.1 ms, Max Speed: 0.73 M/s, Avg Speed: 0.05 M/s, Max Resolution: 1920x1080
Category: 📡卫视频道, Name: 西藏卫视, Total: 27, Valid: 10, Valid Percent: 37.04%, Whitelist: 0, IPv4: 1, IPv6: 26, Min Delay: 0.1 ms, Max Speed: 0.73 M/s, Avg Speed: 0.07 M/s, Max Resolution: 1920x1080
Category: 📡卫视频道, Name: 兵团卫视, Total: 10, Valid: 1, Valid Percent: 10.00%, Whitelist: 0, IPv4: 1, IPv6: 9, Min Delay: 486 ms, Max Speed: 0.74 M/s, Avg Speed: 0.74 M/s, Max Resolution: 1920x1080
Category: 📡卫视频道, Name: 厦门卫视, Total: 15, Valid: 0, Valid Percent: 0.00%, Whitelist: 0, IPv4: 0, IPv6: 15, Min Delay: -1 ms, Max Speed: 0.00 M/s, Avg Speed: 0.00 M/s, Max Resolution: None
Category: 📡卫视频道, Name: 康巴卫视, Total: 11, Valid: 0, Valid Percent: 0.00%, Whitelist: 0, IPv4: 0, IPv6: 11, Min Delay: -1 ms, Max Speed: 0.00 M/s, Avg Speed: 0.00 M/s, Max Resolution: None
Category: 📡卫视频道, Name: 安多卫视, Total: 9, Valid: 0, Valid Percent: 0.00%, Whitelist: 0, IPv4: 0, IPv6: 9, Min Delay: -1 ms, Max Speed: 0.00 M/s, Avg Speed: 0.00 M/s, Max Resolution: None
Category: 📡卫视频道, Name: 农林卫视, Total: 1, Valid: 0, Valid Percent: 0.00%, Whitelist: 0, IPv4: 0, IPv6: 1, Min Delay: -1 ms, Max Speed: 0.00 M/s, Avg Speed: 0.00 M/s, Max Resolution: None
Category: 📡卫视频道, Name: 三沙卫视, Total: 19, Valid: 12, Valid Percent: 63.16%, Whitelist: 0, IPv4: 3, IPv6: 16, Min Delay: 0.1 ms, Max Speed: 0.86 M/s, Avg Speed: 0.17 M/s, Max Resolution: 1920x1080
Category: 📡卫视频道, Name: 延边卫视, Total: 11, Valid: 2, Valid Percent: 18.18%, Whitelist: 0, IPv4: 2, IPv6: 9, Min Delay: 10 ms, Max Speed: 10.52 M/s, Avg Speed: 5.50 M/s, Max Resolution: 1920x1080
Category: ☘️山东专属频道, Name: 临沂公共, Total: 2, Valid: 0, Valid Percent: 0.00%, Whitelist: 0, IPv4: 0, IPv6: 2, Min Delay: -1 ms, Max Speed: 0.00 M/s, Avg Speed: 0.00 M/s, Max Resolution: None
Category: ☘️山东专属频道, Name: 临沂农科, Total: 1, Valid: 0, Valid Percent: 0.00%, Whitelist: 0, IPv4: 0, IPv6: 1, Min Delay: -1 ms, Max Speed: 0.00 M/s, Avg Speed: 0.00 M/s, Max Resolution: None
Category: ☘️山东专属频道, Name: 临沂新闻综合, Total: 1, Valid: 0, Valid Percent: 0.00%, Whitelist: 0, IPv4: 0, IPv6: 1, Min Delay: -1 ms, Max Speed: 0.00 M/s, Avg Speed: 0.00 M/s, Max Resolution: None
Category: ☘️山东专属频道, Name: 山东少儿, Total: 2, Valid: 0, Valid Percent: 0.00%, Whitelist: 0, IPv4: 0, IPv6: 2, Min Delay: -1 ms, Max Speed: 0.00 M/s, Avg Speed: 0.00 M/s, Max Resolution: None
Category: ☘️山东专属频道, Name: 山东新闻, Total: 3, Valid: 0, Valid Percent: 0.00%, Whitelist: 0, IPv4: 0, IPv6: 3, Min Delay: -1 ms, Max Speed: 0.00 M/s, Avg Speed: 0.00 M/s, Max Resolution: None
Category: ☘️山东专属频道, Name: 山东国际, Total: 1, Valid: 1, Valid Percent: 100.00%, Whitelist: 0, IPv4: 1, IPv6: 0, Min Delay: 2488 ms, Max Speed: 0.00 M/s, Avg Speed: 0.00 M/s, Max Resolution: None
Category: ☘️山东专属频道, Name: 山东教育, Total: 9, Valid: 1, Valid Percent: 11.11%, Whitelist: 0, IPv4: 1, IPv6: 8, Min Delay: 483 ms, Max Speed: 0.74 M/s, Avg Speed: 0.74 M/s, Max Resolution: 1920x1080
Category: ☘️山东专属频道, Name: 山东居家购物, Total: 1, Valid: 0, Valid Percent: 0.00%, Whitelist: 0, IPv4: 0, IPv6: 1, Min Delay: -1 ms, Max Speed: 0.00 M/s, Avg Speed: 0.00 M/s, Max Resolution: None
Category: ☘️山东专属频道, Name: 山东农科, Total: 1, Valid: 0, Valid Percent: 0.00%, Whitelist: 0, IPv4: 0, IPv6: 1, Min Delay: -1 ms, Max Speed: 0.00 M/s, Avg Speed: 0.00 M/s, Max Resolution: None
Category: ☘️山东专属频道, Name: 山东齐鲁, Total: 1, Valid: 0, Valid Percent: 0.00%, Whitelist: 0, IPv4: 0, IPv6: 1, Min Delay: -1 ms, Max Speed: 0.00 M/s, Avg Speed: 0.00 M/s, Max Resolution: None
Category: ☘️山东专属频道, Name: 山东生活, Total: 2, Valid: 0, Valid Percent: 0.00%, Whitelist: 0, IPv4: 0, IPv6: 2, Min Delay: -1 ms, Max Speed: 0.00 M/s, Avg Speed: 0.00 M/s, Max Resolution: None
Category: ☘️山东专属频道, Name: 山东体育, Total: 2, Valid: 0, Valid Percent: 0.00%, Whitelist: 0, IPv4: 0, IPv6: 2, Min Delay: -1 ms, Max Speed: 0.00 M/s, Avg Speed: 0.00 M/s, Max Resolution: None
Category: ☘️山东专属频道, Name: 山东综艺, Total: 1, Valid: 0, Valid Percent: 0.00%, Whitelist: 0, IPv4: 0, IPv6: 1, Min Delay: -1 ms, Max Speed: 0.00 M/s, Avg Speed: 0.00 M/s, Max Resolution: None
Category: ☘️山东专属频道, Name: JJ斗地主, Total: 2, Valid: 1, Valid Percent: 50.00%, Whitelist: 0, IPv4: 1, IPv6: 1, Min Delay: 1937 ms, Max Speed: 0.75 M/s, Avg Speed: 0.75 M/s, Max Resolution: 1920x1080
Category: 🤾🏻体育频道, Name: 广东体育, Total: 9, Valid: 1, Valid Percent: 11.11%, Whitelist: 0, IPv4: 1, IPv6: 8, Min Delay: 445 ms, Max Speed: 0.88 M/s, Avg Speed: 0.88 M/s, Max Resolution: 1920x1080
Category: 🤾🏻体育频道, Name: 广州竞赛, Total: 3, Valid: 0, Valid Percent: 0.00%, Whitelist: 0, IPv4: 0, IPv6: 3, Min Delay: -1 ms, Max Speed: 0.00 M/s, Avg Speed: 0.00 M/s, Max Resolution: None
Category: 🤾🏻体育频道, Name: 劲爆体育, Total: 8, Valid: 0, Valid Percent: 0.00%, Whitelist: 0, IPv4: 0, IPv6: 8, Min Delay: -1 ms, Max Speed: 0.00 M/s, Avg Speed: 0.00 M/s, Max Resolution: None
Category: 🤾🏻体育频道, Name: 纬来体育, Total: 5, Valid: 1, Valid Percent: 20.00%, Whitelist: 0, IPv4: 1, IPv6: 4, Min Delay: 14 ms, Max Speed: 22.26 M/s, Avg Speed: 22.26 M/s, Max Resolution: 1920x1080
Category: 🤾🏻体育频道, Name: 先锋乒羽, Total: 1, Valid: 0, Valid Percent: 0.00%, Whitelist: 0, IPv4: 0, IPv6: 1, Min Delay: -1 ms, Max Speed: 0.00 M/s, Avg Speed: 0.00 M/s, Max Resolution: None
Category: 🤾🏻体育频道, Name: 超级体育, Total: 8, Valid: 0, Valid Percent: 0.00%, Whitelist: 0, IPv4: 0, IPv6: 8, Min Delay: -1 ms, Max Speed: 0.00 M/s, Avg Speed: 0.00 M/s, Max Resolution: None
Category: 🤾🏻体育频道, Name: 江苏体育, Total: 2, Valid: 0, Valid Percent: 0.00%, Whitelist: 0, IPv4: 0, IPv6: 2, Min Delay: -1 ms, Max Speed: 0.00 M/s, Avg Speed: 0.00 M/s, Max Resolution: None
Category: 🤾🏻体育频道, Name: 睛彩竞技, Total: 4, Valid: 1, Valid Percent: 25.00%, Whitelist: 0, IPv4: 1, IPv6: 3, Min Delay: 517 ms, Max Speed: 0.62 M/s, Avg Speed: 0.62 M/s, Max Resolution: 1920x1080
Category: 🤾🏻体育频道, Name: 睛彩篮球, Total: 9, Valid: 0, Valid Percent: 0.00%, Whitelist: 0, IPv4: 0, IPv6: 9, Min Delay: -1 ms, Max Speed: 0.00 M/s, Avg Speed: 0.00 M/s, Max Resolution: None
Category: 🤾🏻体育频道, Name: 精品体育, Total: 9, Valid: 0, Valid Percent: 0.00%, Whitelist: 0, IPv4: 0, IPv6: 9, Min Delay: -1 ms, Max Speed: 0.00 M/s, Avg Speed: 0.00 M/s, Max Resolution: None
Category: 🤾🏻体育频道, Name: 魅力足球, Total: 9, Valid: 0, Valid Percent: 0.00%, Whitelist: 0, IPv4: 0, IPv6: 9, Min Delay: -1 ms, Max Speed: 0.00 M/s, Avg Speed: 0.00 M/s, Max Resolution: None
Category: 🤾🏻体育频道, Name: 四海钓鱼, Total: 1, Valid: 1, Valid Percent: 100.00%, Whitelist: 0, IPv4: 1, IPv6: 0, Min Delay: 499 ms, Max Speed: 0.77 M/s, Avg Speed: 0.77 M/s, Max Resolution: 1920x1080
Category: 🤾🏻体育频道, Name: 体育赛事, Total: 2, Valid: 1, Valid Percent: 50.00%, Whitelist: 0, IPv4: 2, IPv6: 0, Min Delay: 502 ms, Max Speed: 0.00 M/s, Avg Speed: 0.00 M/s, Max Resolution: None
Category: 🤾🏻体育频道, Name: 天元围棋, Total: 2, Valid: 1, Valid Percent: 50.00%, Whitelist: 0, IPv4: 1, IPv6: 1, Min Delay: 486 ms, Max Speed: 0.74 M/s, Avg Speed: 0.74 M/s, Max Resolution: 1920x1080
Category: 🤾🏻体育频道, Name: 睛彩青少, Total: 3, Valid: 0, Valid Percent: 0.00%, Whitelist: 0, IPv4: 0, IPv6: 3, Min Delay: -1 ms, Max Speed: 0.00 M/s, Avg Speed: 0.00 M/s, Max Resolution: None
Category: 🤾🏻体育频道, Name: 睛彩广场舞, Total: 10, Valid: 0, Valid Percent: 0.00%, Whitelist: 0, IPv4: 0, IPv6: 10, Min Delay: -1 ms, Max Speed: 0.00 M/s, Avg Speed: 0.00 M/s, Max Resolution: None
Category: 📺影视频道, Name: CHC动作电影, Total: 14, Valid: 1, Valid Percent: 7.14%, Whitelist: 0, IPv4: 1, IPv6: 13, Min Delay: 534 ms, Max Speed: 0.70 M/s, Avg Speed: 0.70 M/s, Max Resolution: 1920x1080
Category: 📺影视频道, Name: CHC家庭影院, Total: 13, Valid: 1, Valid Percent: 7.69%, Whitelist: 0, IPv4: 1, IPv6: 12, Min Delay: 471 ms, Max Speed: 0.75 M/s, Avg Speed: 0.75 M/s, Max Resolution: 1920x1080
Category: 📺影视频道, Name: CHC影迷电影, Total: 5, Valid: 1, Valid Percent: 20.00%, Whitelist: 0, IPv4: 1, IPv6: 4, Min Delay: 501 ms, Max Speed: 0.74 M/s, Avg Speed: 0.74 M/s, Max Resolution: 1920x1080
Category: 📺影视频道, Name: CHC电影, Total: 2, Valid: 2, Valid Percent: 100.00%, Whitelist: 0, IPv4: 2, IPv6: 0, Min Delay: 10200 ms, Max Speed: 0.19 M/s, Avg Speed: 0.12 M/s, Max Resolution: None
Category: 📺影视频道, Name: IPTV经典电影, Total: 1, Valid: 1, Valid Percent: 100.00%, Whitelist: 0, IPv4: 1, IPv6: 0, Min Delay: 2487 ms, Max Speed: 0.00 M/s, Avg Speed: 0.00 M/s, Max Resolution: None
Category: 📺影视频道, Name: 邵氏影院, Total: 1, Valid: 1, Valid Percent: 100.00%, Whitelist: 0, IPv4: 1, IPv6: 0, Min Delay: 1997 ms, Max Speed: 2.64 M/s, Avg Speed: 2.64 M/s, Max Resolution: 1280x720
Category: 📺影视频道, Name: 都市剧场, Total: 9, Valid: 2, Valid Percent: 22.22%, Whitelist: 0, IPv4: 2, IPv6: 7, Min Delay: 14 ms, Max Speed: 8.04 M/s, Avg Speed: 4.09 M/s, Max Resolution: 1920x1080
Category: 📺影视频道, Name: 淘剧场, Total: 4, Valid: 0, Valid Percent: 0.00%, Whitelist: 0, IPv4: 0, IPv6: 4, Min Delay: -1 ms, Max Speed: 0.00 M/s, Avg Speed: 0.00 M/s, Max Resolution: None
Category: 📺影视频道, Name: 淘娱乐, Total: 4, Valid: 0, Valid Percent: 0.00%, Whitelist: 0, IPv4: 0, IPv6: 4, Min Delay: -1 ms, Max Speed: 0.00 M/s, Avg Speed: 0.00 M/s, Max Resolution: None
Category: 📺影视频道, Name: 淘电影, Total: 3, Valid: 0, Valid Percent: 0.00%, Whitelist: 0, IPv4: 0, IPv6: 3, Min Delay: -1 ms, Max Speed: 0.00 M/s, Avg Speed: 0.00 M/s, Max Resolution: None
Category: 📺影视频道, Name: 靖天戏剧, Total: 5, Valid: 1, Valid Percent: 20.00%, Whitelist: 0, IPv4: 1, IPv6: 4, Min Delay: 11 ms, Max Speed: 28.39 M/s, Avg Speed: 28.39 M/s, Max Resolution: 1920x1080
Category: 📺影视频道, Name: 靖天映画, Total: 4, Valid: 1, Valid Percent: 25.00%, Whitelist: 0, IPv4: 1, IPv6: 3, Min Delay: 15 ms, Max Speed: 20.05 M/s, Avg Speed: 20.05 M/s, Max Resolution: 1920x1080
Category: 📺影视频道, Name: 黑莓电影, Total: 12, Valid: 0, Valid Percent: 0.00%, Whitelist: 0, IPv4: 0, IPv6: 12, Min Delay: -1 ms, Max Speed: 0.00 M/s, Avg Speed: 0.00 M/s, Max Resolution: None
Category: 📺影视频道, Name: 龙华电影, Total: 2, Valid: 0, Valid Percent: 0.00%, Whitelist: 0, IPv4: 0, IPv6: 2, Min Delay: -1 ms, Max Speed: 0.00 M/s, Avg Speed: 0.00 M/s, Max Resolution: None
Category: 📺影视频道, Name: 龙祥电影, Total: 1, Valid: 1, Valid Percent: 100.00%, Whitelist: 0, IPv4: 1, IPv6: 0, Min Delay: 1833 ms, Max Speed: 0.00 M/s, Avg Speed: 0.00 M/s, Max Resolution: None
Category: 📺影视频道, Name: 东北热剧, Total: 3, Valid: 0, Valid Percent: 0.00%, Whitelist: 0, IPv4: 0, IPv6: 3, Min Delay: -1 ms, Max Speed: 0.00 M/s, Avg Speed: 0.00 M/s, Max Resolution: None
Category: 📺影视频道, Name: 东森洋片, Total: 6, Valid: 1, Valid Percent: 16.67%, Whitelist: 0, IPv4: 1, IPv6: 5, Min Delay: 14 ms, Max Speed: 22.30 M/s, Avg Speed: 22.30 M/s, Max Resolution: 1920x1080
Category: 📺影视频道, Name: 东森电影, Total: 4, Valid: 1, Valid Percent: 25.00%, Whitelist: 0, IPv4: 1, IPv6: 3, Min Delay: 14 ms, Max Speed: 22.32 M/s, Avg Speed: 22.32 M/s, Max Resolution: 1920x1080
Category: 📺影视频道, Name: 东森超视, Total: 5, Valid: 2, Valid Percent: 40.00%, Whitelist: 0, IPv4: 2, IPv6: 3, Min Delay: 10 ms, Max Speed: 30.61 M/s, Avg Speed: 15.44 M/s, Max Resolution: 1920x1080
Category: 📺影视频道, Name: 中国功夫, Total: 5, Valid: 0, Valid Percent: 0.00%, Whitelist: 0, IPv4: 0, IPv6: 5, Min Delay: -1 ms, Max Speed: 0.00 M/s, Avg Speed: 0.00 M/s, Max Resolution: None
Category: 📺影视频道, Name: 光影, Total: 2, Valid: 2, Valid Percent: 100.00%, Whitelist: 0, IPv4: 2, IPv6: 0, Min Delay: 501 ms, Max Speed: 0.34 M/s, Avg Speed: 0.31 M/s, Max Resolution: 1920x1080
Category: 📺影视频道, Name: 军旅剧场, Total: 6, Valid: 1, Valid Percent: 16.67%, Whitelist: 0, IPv4: 1, IPv6: 5, Min Delay: 487 ms, Max Speed: 0.34 M/s, Avg Speed: 0.34 M/s, Max Resolution: 1920x1080
Category: 📺影视频道, Name: 天映经典, Total: 13, Valid: 1, Valid Percent: 7.69%, Whitelist: 0, IPv4: 1, IPv6: 12, Min Delay: 12 ms, Max Speed: 25.19 M/s, Avg Speed: 25.19 M/s, Max Resolution: 1920x1080
Category: 📺影视频道, Name: 家庭剧场, Total: 5, Valid: 0, Valid Percent: 0.00%, Whitelist: 0, IPv4: 0, IPv6: 5, Min Delay: -1 ms, Max Speed: 0.00 M/s, Avg Speed: 0.00 M/s, Max Resolution: None
Category: 📺影视频道, Name: 惊悚悬疑, Total: 9, Valid: 0, Valid Percent: 0.00%, Whitelist: 0, IPv4: 0, IPv6: 9, Min Delay: -1 ms, Max Speed: 0.00 M/s, Avg Speed: 0.00 M/s, Max Resolution: None
Category: 📺影视频道, Name: 无线星河, Total: 3, Valid: 0, Valid Percent: 0.00%, Whitelist: 0, IPv4: 0, IPv6: 3, Min Delay: -1 ms, Max Speed: 0.00 M/s, Avg Speed: 0.00 M/s, Max Resolution: None
Category: 📺影视频道, Name: 星影, Total: 2, Valid: 2, Valid Percent: 100.00%, Whitelist: 0, IPv4: 2, IPv6: 0, Min Delay: 507 ms, Max Speed: 0.34 M/s, Avg Speed: 0.31 M/s, Max Resolution: 1920x1080
Category: 📺影视频道, Name: 星空卫视, Total: 4, Valid: 2, Valid Percent: 50.00%, Whitelist: 0, IPv4: 2, IPv6: 2, Min Delay: 10 ms, Max Speed: 31.66 M/s, Avg Speed: 16.10 M/s, Max Resolution: 1920x1080
Category: 📺影视频道, Name: 武侠剧场, Total: 2, Valid: 2, Valid Percent: 100.00%, Whitelist: 0, IPv4: 2, IPv6: 0, Min Delay: 475 ms, Max Speed: 0.34 M/s, Avg Speed: 0.31 M/s, Max Resolution: 1920x1080
Category: 📺影视频道, Name: 海外剧场, Total: 2, Valid: 0, Valid Percent: 0.00%, Whitelist: 0, IPv4: 0, IPv6: 2, Min Delay: -1 ms, Max Speed: 0.00 M/s, Avg Speed: 0.00 M/s, Max Resolution: None
Category: 📺影视频道, Name: 精品大剧, Total: 4, Valid: 0, Valid Percent: 0.00%, Whitelist: 0, IPv4: 0, IPv6: 4, Min Delay: -1 ms, Max Speed: 0.00 M/s, Avg Speed: 0.00 M/s, Max Resolution: None
Category: 📺影视频道, Name: 纬来电影, Total: 7, Valid: 0, Valid Percent: 0.00%, Whitelist: 0, IPv4: 0, IPv6: 7, Min Delay: -1 ms, Max Speed: 0.00 M/s, Avg Speed: 0.00 M/s, Max Resolution: None
Category: 📺影视频道, Name: 经典电影, Total: 5, Valid: 2, Valid Percent: 40.00%, Whitelist: 0, IPv4: 2, IPv6: 3, Min Delay: 11 ms, Max Speed: 27.73 M/s, Avg Speed: 14.04 M/s, Max Resolution: 1920x1080
Category: 📺影视频道, Name: 美亚电影, Total: 2, Valid: 0, Valid Percent: 0.00%, Whitelist: 0, IPv4: 0, IPv6: 2, Min Delay: -1 ms, Max Speed: 0.00 M/s, Avg Speed: 0.00 M/s, Max Resolution: None
Category: 📺影视频道, Name: AMC电影, Total: 1, Valid: 0, Valid Percent: 0.00%, Whitelist: 0, IPv4: 0, IPv6: 1, Min Delay: -1 ms, Max Speed: 0.00 M/s, Avg Speed: 0.00 M/s, Max Resolution: None
Category: 📺影视频道, Name: 超级电影, Total: 4, Valid: 0, Valid Percent: 0.00%, Whitelist: 0, IPv4: 0, IPv6: 4, Min Delay: -1 ms, Max Speed: 0.00 M/s, Avg Speed: 0.00 M/s, Max Resolution: None
Category: 📺NewTV频道, Name: NewTV超级电视剧, Total: 2, Valid: 0, Valid Percent: 0.00%, Whitelist: 0, IPv4: 0, IPv6: 2, Min Delay: -1 ms, Max Speed: 0.00 M/s, Avg Speed: 0.00 M/s, Max Resolution: None
Category: 📺NewTV频道, Name: NewTV精品大剧, Total: 4, Valid: 0, Valid Percent: 0.00%, Whitelist: 0, IPv4: 0, IPv6: 4, Min Delay: -1 ms, Max Speed: 0.00 M/s, Avg Speed: 0.00 M/s, Max Resolution: None
Category: 📺NewTV频道, Name: NewTV动作电影, Total: 3, Valid: 0, Valid Percent: 0.00%, Whitelist: 0, IPv4: 0, IPv6: 3, Min Delay: -1 ms, Max Speed: 0.00 M/s, Avg Speed: 0.00 M/s, Max Resolution: None
Category: 📺NewTV频道, Name: NewTV黑莓电影, Total: 12, Valid: 0, Valid Percent: 0.00%, Whitelist: 0, IPv4: 0, IPv6: 12, Min Delay: -1 ms, Max Speed: 0.00 M/s, Avg Speed: 0.00 M/s, Max Resolution: None
Category: 📺NewTV频道, Name: NewTV超级电影, Total: 4, Valid: 0, Valid Percent: 0.00%, Whitelist: 0, IPv4: 0, IPv6: 4, Min Delay: -1 ms, Max Speed: 0.00 M/s, Avg Speed: 0.00 M/s, Max Resolution: None
Category: 📺NewTV频道, Name: NewTV超级综艺, Total: 1, Valid: 0, Valid Percent: 0.00%, Whitelist: 0, IPv4: 0, IPv6: 1, Min Delay: -1 ms, Max Speed: 0.00 M/s, Avg Speed: 0.00 M/s, Max Resolution: None
Category: 📺NewTV频道, Name: NewTV东北热剧, Total: 2, Valid: 0, Valid Percent: 0.00%, Whitelist: 0, IPv4: 0, IPv6: 2, Min Delay: -1 ms, Max Speed: 0.00 M/s, Avg Speed: 0.00 M/s, Max Resolution: None
Category: 📺NewTV频道, Name: NewTV古装剧场, Total: 5, Valid: 1, Valid Percent: 20.00%, Whitelist: 0, IPv4: 1, IPv6: 4, Min Delay: 501 ms, Max Speed: 0.34 M/s, Avg Speed: 0.34 M/s, Max Resolution: 1920x1080
Category: 📺NewTV频道, Name: NewTV欢乐剧场, Total: 2, Valid: 0, Valid Percent: 0.00%, Whitelist: 0, IPv4: 0, IPv6: 2, Min Delay: -1 ms, Max Speed: 0.00 M/s, Avg Speed: 0.00 M/s, Max Resolution: None
Category: 📺NewTV频道, Name: NewTV军旅剧场, Total: 5, Valid: 0, Valid Percent: 0.00%, Whitelist: 0, IPv4: 0, IPv6: 5, Min Delay: -1 ms, Max Speed: 0.00 M/s, Avg Speed: 0.00 M/s, Max Resolution: None
Category: 📺NewTV频道, Name: NewTV家庭剧场, Total: 5, Valid: 0, Valid Percent: 0.00%, Whitelist: 0, IPv4: 0, IPv6: 5, Min Delay: -1 ms, Max Speed: 0.00 M/s, Avg Speed: 0.00 M/s, Max Resolution: None
Category: 📺NewTV频道, Name: NewTV惊悚悬疑, Total: 9, Valid: 0, Valid Percent: 0.00%, Whitelist: 0, IPv4: 0, IPv6: 9, Min Delay: -1 ms, Max Speed: 0.00 M/s, Avg Speed: 0.00 M/s, Max Resolution: None
Category: 📺NewTV频道, Name: NewTV爱情喜剧, Total: 4, Valid: 0, Valid Percent: 0.00%, Whitelist: 0, IPv4: 0, IPv6: 4, Min Delay: -1 ms, Max Speed: 0.00 M/s, Avg Speed: 0.00 M/s, Max Resolution: None
Category: 📺NewTV频道, Name: NewTV海外剧场, Total: 2, Valid: 0, Valid Percent: 0.00%, Whitelist: 0, IPv4: 0, IPv6: 2, Min Delay: -1 ms, Max Speed: 0.00 M/s, Avg Speed: 0.00 M/s, Max Resolution: None
Category: 📺NewTV频道, Name: NewTV精品体育, Total: 9, Valid: 0, Valid Percent: 0.00%, Whitelist: 0, IPv4: 0, IPv6: 9, Min Delay: -1 ms, Max Speed: 0.00 M/s, Avg Speed: 0.00 M/s, Max Resolution: None
Category: 📺NewTV频道, Name: NewTV精品萌宠, Total: 1, Valid: 0, Valid Percent: 0.00%, Whitelist: 0, IPv4: 0, IPv6: 1, Min Delay: -1 ms, Max Speed: 0.00 M/s, Avg Speed: 0.00 M/s, Max Resolution: None
Category: 📺NewTV频道, Name: NewTV超级体育, Total: 8, Valid: 0, Valid Percent: 0.00%, Whitelist: 0, IPv4: 0, IPv6: 8, Min Delay: -1 ms, Max Speed: 0.00 M/s, Avg Speed: 0.00 M/s, Max Resolution: None
Category: 📺NewTV频道, Name: NewTV黑莓动画, Total: 10, Valid: 0, Valid Percent: 0.00%, Whitelist: 0, IPv4: 0, IPv6: 10, Min Delay: -1 ms, Max Speed: 0.00 M/s, Avg Speed: 0.00 M/s, Max Resolution: None
Category: 📺NewTV频道, Name: NewTV金牌综艺, Total: 5, Valid: 0, Valid Percent: 0.00%, Whitelist: 0, IPv4: 0, IPv6: 5, Min Delay: -1 ms, Max Speed: 0.00 M/s, Avg Speed: 0.00 M/s, Max Resolution: None
Category: 📺NewTV频道, Name: NewTV潮妈辣婆, Total: 1, Valid: 0, Valid Percent: 0.00%, Whitelist: 0, IPv4: 0, IPv6: 1, Min Delay: -1 ms, Max Speed: 0.00 M/s, Avg Speed: 0.00 M/s, Max Resolution: None
Category: 📺NewTV频道, Name: NewTV军事评论, Total: 6, Valid: 0, Valid Percent: 0.00%, Whitelist: 0, IPv4: 0, IPv6: 6, Min Delay: -1 ms, Max Speed: 0.00 M/s, Avg Speed: 0.00 M/s, Max Resolution: None
Category: 📺NewTV频道, Name: NewTV中国功夫, Total: 5, Valid: 0, Valid Percent: 0.00%, Whitelist: 0, IPv4: 0, IPv6: 5, Min Delay: -1 ms, Max Speed: 0.00 M/s, Avg Speed: 0.00 M/s, Max Resolution: None
Category: 📺NewTV频道, Name: NewTV明星大片, Total: 5, Valid: 0, Valid Percent: 0.00%, Whitelist: 0, IPv4: 0, IPv6: 5, Min Delay: -1 ms, Max Speed: 0.00 M/s, Avg Speed: 0.00 M/s, Max Resolution: None
Category: 📺NewTV频道, Name: NewTV农业致富, Total: 4, Valid: 0, Valid Percent: 0.00%, Whitelist: 0, IPv4: 0, IPv6: 4, Min Delay: -1 ms, Max Speed: 0.00 M/s, Avg Speed: 0.00 M/s, Max Resolution: None
Category: 📺NewTV频道, Name: NewTV怡伴健康, Total: 4, Valid: 0, Valid Percent: 0.00%, Whitelist: 0, IPv4: 0, IPv6: 4, Min Delay: -1 ms, Max Speed: 0.00 M/s, Avg Speed: 0.00 M/s, Max Resolution: None
Category: 📺iHOT频道, Name: iHOT爱电竞, Total: 1, Valid: 0, Valid Percent: 0.00%, Whitelist: 0, IPv4: 0, IPv6: 1, Min Delay: -1 ms, Max Speed: 0.00 M/s, Avg Speed: 0.00 M/s, Max Resolution: None
Category: 📺求索频道, Name: 求索纪录, Total: 1, Valid: 1, Valid Percent: 100.00%, Whitelist: 0, IPv4: 1, IPv6: 0, Min Delay: 462 ms, Max Speed: 0.88 M/s, Avg Speed: 0.88 M/s, Max Resolution: 1920x1080
Category: 📺SiTV频道, Name: 乐游, Total: 3, Valid: 2, Valid Percent: 66.67%, Whitelist: 0, IPv4: 2, IPv6: 1, Min Delay: 466 ms, Max Speed: 0.80 M/s, Avg Speed: 0.51 M/s, Max Resolution: 1920x1080
Category: 📺SiTV频道, Name: 动漫秀场, Total: 11, Valid: 3, Valid Percent: 27.27%, Whitelist: 0, IPv4: 3, IPv6: 8, Min Delay: 464 ms, Max Speed: 0.90 M/s, Avg Speed: 0.62 M/s, Max Resolution: 3840x2160
Category: 📺SiTV频道, Name: 欢笑剧场, Total: 11, Valid: 1, Valid Percent: 9.09%, Whitelist: 0, IPv4: 1, IPv6: 10, Min Delay: 474 ms, Max Speed: 0.06 M/s, Avg Speed: 0.06 M/s, Max Resolution: 1920x1080
Category: 📺SiTV频道, Name: 法治天地, Total: 8, Valid: 2, Valid Percent: 25.00%, Whitelist: 0, IPv4: 2, IPv6: 6, Min Delay: 491 ms, Max Speed: 0.74 M/s, Avg Speed: 0.41 M/s, Max Resolution: 1920x1080
Category: 📺SiTV频道, Name: 游戏风云, Total: 11, Valid: 3, Valid Percent: 27.27%, Whitelist: 0, IPv4: 3, IPv6: 8, Min Delay: 505 ms, Max Speed: 0.70 M/s, Avg Speed: 0.46 M/s, Max Resolution: 3840x2160
Category: 📺SiTV频道, Name: 生活时尚, Total: 3, Valid: 2, Valid Percent: 66.67%, Whitelist: 0, IPv4: 2, IPv6: 1, Min Delay: 495 ms, Max Speed: 0.82 M/s, Avg Speed: 0.46 M/s, Max Resolution: 1920x1080
Category: 📺SiTV频道, Name: 金色学堂, Total: 2, Valid: 1, Valid Percent: 50.00%, Whitelist: 0, IPv4: 1, IPv6: 1, Min Delay: 506 ms, Max Speed: 0.78 M/s, Avg Speed: 0.78 M/s, Max Resolution: 3840x2160
Category: 🎮游戏频道, Name: 游戏竞技, Total: 2, Valid: 0, Valid Percent: 0.00%, Whitelist: 0, IPv4: 2, IPv6: 0, Min Delay: 448 ms, Max Speed: 0.00 M/s, Avg Speed: 0.00 M/s, Max Resolution: None
Category: 🎮游戏频道, Name: 海看电竞, Total: 1, Valid: 1, Valid Percent: 100.00%, Whitelist: 0, IPv4: 1, IPv6: 0, Min Delay: 2475 ms, Max Speed: 0.01 M/s, Avg Speed: 0.01 M/s, Max Resolution: None
Category: 🎮游戏频道, Name: 电竞天堂, Total: 1, Valid: 1, Valid Percent: 100.00%, Whitelist: 0, IPv4: 0, IPv6: 1, Min Delay: 0.1 ms, Max Speed: 0.00 M/s, Avg Speed: 0.00 M/s, Max Resolution: 1920x1080
Category: 🎮游戏频道, Name: 爱电竞, Total: 1, Valid: 1, Valid Percent: 100.00%, Whitelist: 0, IPv4: 0, IPv6: 1, Min Delay: 0.1 ms, Max Speed: 0.00 M/s, Avg Speed: 0.00 M/s, Max Resolution: 1920x1080
Category: 🎵音乐频道, Name: 音乐现场, Total: 3, Valid: 3, Valid Percent: 100.00%, Whitelist: 0, IPv4: 3, IPv6: 0, Min Delay: 14 ms, Max Speed: 8.17 M/s, Avg Speed: 2.93 M/s, Max Resolution: 1920x1080
Category: 🎵音乐频道, Name: 音乐之声, Total: 1, Valid: 1, Valid Percent: 100.00%, Whitelist: 0, IPv4: 1, IPv6: 0, Min Delay: 927 ms, Max Speed: 0.16 M/s, Avg Speed: 0.16 M/s, Max Resolution: None
